Feb 5, 2014 12:39:41 PM org.apache.solr.servlet.SolrDispatchFilter init
INFO: SolrDispatchFilter.init()
Feb 5, 2014 12:39:41 PM org.apache.solr.core.SolrResourceLoader locateSolrHome
INFO: JNDI not configured for solr (NoInitialContextEx)
Feb 5, 2014 12:39:41 PM org.apache.solr.core.SolrResourceLoader locateSolrHome
INFO: using system property solr.solr.home: /Applications/MAMP/htdocs/livestock event final/solr
Feb 5, 2014 12:39:41 PM org.apache.solr.core.CoreContainer$Initializer initialize
INFO: looking for solr.xml: /Applications/MAMP/htdocs/livestock event final/solr/solr.xml
Feb 5, 2014 12:39:41 PM org.apache.solr.core.CoreContainer <init>
INFO: New CoreContainer 1101730224
Feb 5, 2014 12:39:41 PM org.apache.solr.core.CoreContainer load
INFO: Loading CoreContainer using Solr Home: '/Applications/MAMP/htdocs/livestock event final/solr/'
Feb 5, 2014 12:39:41 PM org.apache.solr.core.SolrResourceLoader <init>
INFO: new SolrResourceLoader for directory: '/Applications/MAMP/htdocs/livestock event final/solr/'
Feb 5, 2014 12:39:41 PM org.apache.solr.handler.component.HttpShardHandlerFactory getParameter
INFO: Setting socketTimeout to: 0
Feb 5, 2014 12:39:41 PM org.apache.solr.handler.component.HttpShardHandlerFactory getParameter
INFO: Setting urlScheme to: http://
Feb 5, 2014 12:39:41 PM org.apache.solr.handler.component.HttpShardHandlerFactory getParameter
INFO: Setting connTimeout to: 0
Feb 5, 2014 12:39:41 PM org.apache.solr.handler.component.HttpShardHandlerFactory getParameter
INFO: Setting maxConnectionsPerHost to: 20
Feb 5, 2014 12:39:41 PM org.apache.solr.handler.component.HttpShardHandlerFactory getParameter
INFO: Setting corePoolSize to: 0
Feb 5, 2014 12:39:41 PM org.apache.solr.handler.component.HttpShardHandlerFactory getParameter
INFO: Setting maximumPoolSize to: 2147483647
Feb 5, 2014 12:39:41 PM org.apache.solr.handler.component.HttpShardHandlerFactory getParameter
INFO: Setting maxThreadIdleTime to: 5
Feb 5, 2014 12:39:41 PM org.apache.solr.handler.component.HttpShardHandlerFactory getParameter
INFO: Setting sizeOfQueue to: -1
Feb 5, 2014 12:39:41 PM org.apache.solr.handler.component.HttpShardHandlerFactory getParameter
INFO: Setting fairnessPolicy to: false
Feb 5, 2014 12:39:41 PM org.apache.solr.client.solrj.impl.HttpClientUtil createClient
INFO: Creating new http client, config:maxConnectionsPerHost=20&maxConnections=10000&socketTimeout=0&connTimeout=0&retry=false
Feb 5, 2014 12:39:41 PM org.apache.solr.core.CoreContainer load
INFO: Registering Log Listener
Feb 5, 2014 12:39:41 PM org.apache.solr.core.CoreContainer create
INFO: Creating SolrCore 'default' using instanceDir: /Applications/MAMP/htdocs/livestock event final/solr/.
Feb 5, 2014 12:39:41 PM org.apache.solr.core.SolrResourceLoader <init>
INFO: new SolrResourceLoader for directory: '/Applications/MAMP/htdocs/livestock event final/solr/./'
Feb 5, 2014 12:39:41 PM org.apache.solr.core.CoreContainer create
INFO: Creating SolrCore 'development' using instanceDir: /Applications/MAMP/htdocs/livestock event final/solr/.
Feb 5, 2014 12:39:41 PM org.apache.solr.core.SolrResourceLoader <init>
INFO: new SolrResourceLoader for directory: '/Applications/MAMP/htdocs/livestock event final/solr/./'
Feb 5, 2014 12:39:41 PM org.apache.solr.core.CoreContainer create
INFO: Creating SolrCore 'test' using instanceDir: /Applications/MAMP/htdocs/livestock event final/solr/.
Feb 5, 2014 12:39:41 PM org.apache.solr.core.SolrResourceLoader <init>
INFO: new SolrResourceLoader for directory: '/Applications/MAMP/htdocs/livestock event final/solr/./'
Feb 5, 2014 12:39:41 PM org.apache.solr.core.SolrConfig <init>
INFO: Using Lucene MatchVersion: LUCENE_41
Feb 5, 2014 12:39:41 PM org.apache.solr.core.SolrConfig <init>
INFO: Using Lucene MatchVersion: LUCENE_41
Feb 5, 2014 12:39:41 PM org.apache.solr.core.SolrConfig <init>
INFO: Using Lucene MatchVersion: LUCENE_41
Feb 5, 2014 12:39:41 PM org.apache.solr.core.SolrConfig <init>
INFO: Loaded SolrConfig: solrconfig.xml
Feb 5, 2014 12:39:41 PM org.apache.solr.core.SolrConfig <init>
INFO: Loaded SolrConfig: solrconfig.xml
Feb 5, 2014 12:39:41 PM org.apache.solr.core.SolrConfig <init>
INFO: Loaded SolrConfig: solrconfig.xml
Feb 5, 2014 12:39:41 PM org.apache.solr.schema.IndexSchema readSchema
INFO: Reading Solr Schema
Feb 5, 2014 12:39:41 PM org.apache.solr.schema.IndexSchema readSchema
INFO: Reading Solr Schema
Feb 5, 2014 12:39:41 PM org.apache.solr.schema.IndexSchema readSchema
INFO: Reading Solr Schema
Feb 5, 2014 12:39:41 PM org.apache.solr.schema.IndexSchema readSchema
INFO: Schema name=sunspot
Feb 5, 2014 12:39:41 PM org.apache.solr.schema.IndexSchema readSchema
INFO: Schema name=sunspot
Feb 5, 2014 12:39:41 PM org.apache.solr.schema.IndexSchema readSchema
INFO: Schema name=sunspot
Feb 5, 2014 12:39:41 PM org.apache.solr.schema.IndexSchema readSchema
INFO: default search field in schema is text
Feb 5, 2014 12:39:41 PM org.apache.solr.schema.IndexSchema readSchema
INFO: default search field in schema is text
Feb 5, 2014 12:39:41 PM org.apache.solr.schema.IndexSchema readSchema
INFO: default search field in schema is text
Feb 5, 2014 12:39:41 PM org.apache.solr.schema.IndexSchema readSchema
INFO: query parser default operator is AND
Feb 5, 2014 12:39:41 PM org.apache.solr.schema.IndexSchema readSchema
INFO: query parser default operator is AND
Feb 5, 2014 12:39:41 PM org.apache.solr.schema.IndexSchema readSchema
INFO: unique key field: id
Feb 5, 2014 12:39:41 PM org.apache.solr.schema.IndexSchema readSchema
INFO: query parser default operator is AND
Feb 5, 2014 12:39:41 PM org.apache.solr.schema.IndexSchema readSchema
INFO: unique key field: id
Feb 5, 2014 12:39:41 PM org.apache.solr.schema.IndexSchema readSchema
INFO: unique key field: id
Feb 5, 2014 12:39:41 PM org.apache.solr.core.SolrCore <init>
INFO: [development] Opening new SolrCore at /Applications/MAMP/htdocs/livestock event final/solr/./, dataDir=/Applications/MAMP/htdocs/livestock event final/solr/./development/data/
Feb 5, 2014 12:39:41 PM org.apache.solr.core.SolrCore <init>
INFO: [test] Opening new SolrCore at /Applications/MAMP/htdocs/livestock event final/solr/./, dataDir=/Applications/MAMP/htdocs/livestock event final/solr/./test/data/
Feb 5, 2014 12:39:41 PM org.apache.solr.core.SolrCore <init>
INFO: [default] Opening new SolrCore at /Applications/MAMP/htdocs/livestock event final/solr/./, dataDir=/Applications/MAMP/htdocs/livestock event final/solr/./default/data/
Feb 5, 2014 12:39:41 PM org.apache.solr.core.SolrCore <init>
INFO: JMX monitoring not detected for core: test
Feb 5, 2014 12:39:41 PM org.apache.solr.core.SolrCore <init>
INFO: JMX monitoring not detected for core: development
Feb 5, 2014 12:39:41 PM org.apache.solr.core.SolrCore <init>
INFO: JMX monitoring not detected for core: default
Feb 5, 2014 12:39:41 PM org.apache.solr.core.SolrCore initDirectoryFactory
INFO: solr.NRTCachingDirectoryFactory
Feb 5, 2014 12:39:41 PM org.apache.solr.core.SolrCore initDirectoryFactory
INFO: solr.NRTCachingDirectoryFactory
Feb 5, 2014 12:39:41 PM org.apache.solr.core.SolrCore initDirectoryFactory
INFO: solr.NRTCachingDirectoryFactory
Feb 5, 2014 12:39:41 PM org.apache.solr.core.CachingDirectoryFactory get
INFO: return new directory for /Applications/MAMP/htdocs/livestock event final/solr/./default/data forceNew: false
Feb 5, 2014 12:39:41 PM org.apache.solr.core.CachingDirectoryFactory get
INFO: return new directory for /Applications/MAMP/htdocs/livestock event final/solr/./test/data forceNew: false
Feb 5, 2014 12:39:41 PM org.apache.solr.core.CachingDirectoryFactory get
INFO: return new directory for /Applications/MAMP/htdocs/livestock event final/solr/./development/data forceNew: false
Feb 5, 2014 12:39:41 PM org.apache.solr.core.SolrCore getNewIndexDir
INFO: New index directory detected: old=null new=/Applications/MAMP/htdocs/livestock event final/solr/./test/data/index/
Feb 5, 2014 12:39:41 PM org.apache.solr.core.SolrCore getNewIndexDir
INFO: New index directory detected: old=null new=/Applications/MAMP/htdocs/livestock event final/solr/./default/data/index/
Feb 5, 2014 12:39:41 PM org.apache.solr.core.SolrCore getNewIndexDir
INFO: New index directory detected: old=null new=/Applications/MAMP/htdocs/livestock event final/solr/./development/data/index/
Feb 5, 2014 12:39:41 PM org.apache.solr.core.CachingDirectoryFactory get
INFO: return new directory for /Applications/MAMP/htdocs/livestock event final/solr/./test/data/index forceNew: false
Feb 5, 2014 12:39:41 PM org.apache.solr.core.CachingDirectoryFactory get
INFO: return new directory for /Applications/MAMP/htdocs/livestock event final/solr/./default/data/index forceNew: false
Feb 5, 2014 12:39:41 PM org.apache.solr.core.CachingDirectoryFactory get
INFO: return new directory for /Applications/MAMP/htdocs/livestock event final/solr/./development/data/index forceNew: false
Feb 5, 2014 12:39:41 PM org.apache.solr.core.RequestHandlers initHandlersFromConfig
INFO: created /select: solr.SearchHandler
Feb 5, 2014 12:39:41 PM org.apache.solr.core.RequestHandlers initHandlersFromConfig
INFO: created /query: solr.SearchHandler
Feb 5, 2014 12:39:41 PM org.apache.solr.core.RequestHandlers initHandlersFromConfig
INFO: created /get: solr.RealTimeGetHandler
Feb 5, 2014 12:39:41 PM org.apache.solr.core.RequestHandlers initHandlersFromConfig
INFO: created /select: solr.SearchHandler
Feb 5, 2014 12:39:41 PM org.apache.solr.core.RequestHandlers initHandlersFromConfig
INFO: created /select: solr.SearchHandler
Feb 5, 2014 12:39:41 PM org.apache.solr.core.RequestHandlers initHandlersFromConfig
INFO: created /query: solr.SearchHandler
Feb 5, 2014 12:39:41 PM org.apache.solr.core.RequestHandlers initHandlersFromConfig
INFO: created /query: solr.SearchHandler
Feb 5, 2014 12:39:41 PM org.apache.solr.core.RequestHandlers initHandlersFromConfig
INFO: created /get: solr.RealTimeGetHandler
Feb 5, 2014 12:39:41 PM org.apache.solr.core.RequestHandlers initHandlersFromConfig
INFO: created /get: solr.RealTimeGetHandler
Feb 5, 2014 12:39:41 PM org.apache.solr.core.RequestHandlers initHandlersFromConfig
INFO: created /update: solr.UpdateRequestHandler
Feb 5, 2014 12:39:41 PM org.apache.solr.core.RequestHandlers initHandlersFromConfig
INFO: created /update: solr.UpdateRequestHandler
Feb 5, 2014 12:39:41 PM org.apache.solr.core.RequestHandlers initHandlersFromConfig
INFO: created /update: solr.UpdateRequestHandler
Feb 5, 2014 12:39:41 PM org.apache.solr.core.RequestHandlers initHandlersFromConfig
INFO: created /update/json: solr.JsonUpdateRequestHandler
Feb 5, 2014 12:39:41 PM org.apache.solr.core.RequestHandlers initHandlersFromConfig
INFO: created /update/json: solr.JsonUpdateRequestHandler
Feb 5, 2014 12:39:41 PM org.apache.solr.core.RequestHandlers initHandlersFromConfig
INFO: created /update/json: solr.JsonUpdateRequestHandler
Feb 5, 2014 12:39:41 PM org.apache.solr.core.RequestHandlers initHandlersFromConfig
INFO: created /update/csv: solr.CSVRequestHandler
Feb 5, 2014 12:39:41 PM org.apache.solr.core.RequestHandlers initHandlersFromConfig
INFO: created /update/csv: solr.CSVRequestHandler
Feb 5, 2014 12:39:41 PM org.apache.solr.core.RequestHandlers initHandlersFromConfig
INFO: adding lazy requestHandler: solr.extraction.ExtractingRequestHandler
Feb 5, 2014 12:39:41 PM org.apache.solr.core.RequestHandlers initHandlersFromConfig
INFO: adding lazy requestHandler: solr.extraction.ExtractingRequestHandler
Feb 5, 2014 12:39:41 PM org.apache.solr.core.RequestHandlers initHandlersFromConfig
INFO: created /update/csv: solr.CSVRequestHandler
Feb 5, 2014 12:39:41 PM org.apache.solr.core.RequestHandlers initHandlersFromConfig
INFO: adding lazy requestHandler: solr.extraction.ExtractingRequestHandler
Feb 5, 2014 12:39:41 PM org.apache.solr.core.RequestHandlers initHandlersFromConfig
INFO: created /update/extract: solr.extraction.ExtractingRequestHandler
Feb 5, 2014 12:39:41 PM org.apache.solr.core.RequestHandlers initHandlersFromConfig
INFO: created /update/extract: solr.extraction.ExtractingRequestHandler
Feb 5, 2014 12:39:41 PM org.apache.solr.core.RequestHandlers initHandlersFromConfig
INFO: created /update/extract: solr.extraction.ExtractingRequestHandler
Feb 5, 2014 12:39:41 PM org.apache.solr.core.RequestHandlers initHandlersFromConfig
INFO: adding lazy requestHandler: solr.FieldAnalysisRequestHandler
Feb 5, 2014 12:39:41 PM org.apache.solr.core.RequestHandlers initHandlersFromConfig
INFO: adding lazy requestHandler: solr.FieldAnalysisRequestHandler
Feb 5, 2014 12:39:41 PM org.apache.solr.core.RequestHandlers initHandlersFromConfig
INFO: created /analysis/field: solr.FieldAnalysisRequestHandler
Feb 5, 2014 12:39:41 PM org.apache.solr.core.RequestHandlers initHandlersFromConfig
INFO: adding lazy requestHandler: solr.FieldAnalysisRequestHandler
Feb 5, 2014 12:39:41 PM org.apache.solr.core.RequestHandlers initHandlersFromConfig
INFO: adding lazy requestHandler: solr.DocumentAnalysisRequestHandler
Feb 5, 2014 12:39:41 PM org.apache.solr.core.RequestHandlers initHandlersFromConfig
INFO: created /analysis/field: solr.FieldAnalysisRequestHandler
Feb 5, 2014 12:39:41 PM org.apache.solr.core.RequestHandlers initHandlersFromConfig
INFO: created /analysis/document: solr.DocumentAnalysisRequestHandler
Feb 5, 2014 12:39:41 PM org.apache.solr.core.RequestHandlers initHandlersFromConfig
INFO: created /analysis/field: solr.FieldAnalysisRequestHandler
Feb 5, 2014 12:39:41 PM org.apache.solr.core.RequestHandlers initHandlersFromConfig
INFO: adding lazy requestHandler: solr.DocumentAnalysisRequestHandler
Feb 5, 2014 12:39:41 PM org.apache.solr.core.RequestHandlers initHandlersFromConfig
INFO: adding lazy requestHandler: solr.DocumentAnalysisRequestHandler
Feb 5, 2014 12:39:41 PM org.apache.solr.core.RequestHandlers initHandlersFromConfig
INFO: created /analysis/document: solr.DocumentAnalysisRequestHandler
Feb 5, 2014 12:39:41 PM org.apache.solr.core.RequestHandlers initHandlersFromConfig
INFO: created /analysis/document: solr.DocumentAnalysisRequestHandler
Feb 5, 2014 12:39:41 PM org.apache.solr.core.RequestHandlers initHandlersFromConfig
INFO: created /admin/ping: solr.PingRequestHandler
Feb 5, 2014 12:39:41 PM org.apache.solr.core.RequestHandlers initHandlersFromConfig
INFO: created /admin/ping: solr.PingRequestHandler
Feb 5, 2014 12:39:41 PM org.apache.solr.core.RequestHandlers initHandlersFromConfig
INFO: created /admin/ping: solr.PingRequestHandler
Feb 5, 2014 12:39:41 PM org.apache.solr.core.RequestHandlers initHandlersFromConfig
INFO: created /debug/dump: solr.DumpRequestHandler
Feb 5, 2014 12:39:41 PM org.apache.solr.core.RequestHandlers initHandlersFromConfig
INFO: created /debug/dump: solr.DumpRequestHandler
Feb 5, 2014 12:39:41 PM org.apache.solr.core.RequestHandlers initHandlersFromConfig
INFO: created /debug/dump: solr.DumpRequestHandler
Feb 5, 2014 12:39:41 PM org.apache.solr.core.RequestHandlers initHandlersFromConfig
INFO: created /replication: solr.ReplicationHandler
Feb 5, 2014 12:39:41 PM org.apache.solr.core.RequestHandlers initHandlersFromConfig
INFO: created /replication: solr.ReplicationHandler
Feb 5, 2014 12:39:41 PM org.apache.solr.core.RequestHandlers initHandlersFromConfig
INFO: created /replication: solr.ReplicationHandler
Feb 5, 2014 12:39:41 PM org.apache.solr.core.RequestHandlers initHandlersFromConfig
INFO: created /mlt: solr.MoreLikeThisHandler
Feb 5, 2014 12:39:41 PM org.apache.solr.core.RequestHandlers initHandlersFromConfig
INFO: created /mlt: solr.MoreLikeThisHandler
Feb 5, 2014 12:39:41 PM org.apache.solr.core.RequestHandlers initHandlersFromConfig
INFO: created /mlt: solr.MoreLikeThisHandler
Feb 5, 2014 12:39:41 PM org.apache.solr.core.RequestHandlers initHandlersFromConfig
INFO: created /admin/: solr.admin.AdminHandlers
Feb 5, 2014 12:39:41 PM org.apache.solr.core.RequestHandlers initHandlersFromConfig
INFO: created /admin/: solr.admin.AdminHandlers
Feb 5, 2014 12:39:41 PM org.apache.solr.core.RequestHandlers initHandlersFromConfig
INFO: created /admin/: solr.admin.AdminHandlers
Feb 5, 2014 12:39:41 PM org.apache.solr.handler.loader.XMLLoader init
INFO: xsltCacheLifetimeSeconds=60
Feb 5, 2014 12:39:41 PM org.apache.solr.handler.loader.XMLLoader init
INFO: xsltCacheLifetimeSeconds=60
Feb 5, 2014 12:39:41 PM org.apache.solr.handler.loader.XMLLoader init
INFO: xsltCacheLifetimeSeconds=60
Feb 5, 2014 12:39:41 PM org.apache.solr.handler.loader.XMLLoader init
INFO: xsltCacheLifetimeSeconds=60
Feb 5, 2014 12:39:41 PM org.apache.solr.handler.loader.XMLLoader init
INFO: xsltCacheLifetimeSeconds=60
Feb 5, 2014 12:39:41 PM org.apache.solr.handler.loader.XMLLoader init
INFO: xsltCacheLifetimeSeconds=60
Feb 5, 2014 12:39:41 PM org.apache.solr.handler.loader.XMLLoader init
INFO: xsltCacheLifetimeSeconds=60
Feb 5, 2014 12:39:41 PM org.apache.solr.handler.loader.XMLLoader init
INFO: xsltCacheLifetimeSeconds=60
Feb 5, 2014 12:39:41 PM org.apache.solr.handler.loader.XMLLoader init
INFO: xsltCacheLifetimeSeconds=60
Feb 5, 2014 12:39:41 PM org.apache.solr.search.SolrIndexSearcher <init>
INFO: Opening Searcher@4a93837b main
Feb 5, 2014 12:39:41 PM org.apache.solr.search.SolrIndexSearcher <init>
INFO: Opening Searcher@1a9d267d main
Feb 5, 2014 12:39:42 PM org.apache.solr.update.CommitTracker <init>
INFO: Hard AutoCommit: if uncommited for 15000ms; 
Feb 5, 2014 12:39:42 PM org.apache.solr.update.CommitTracker <init>
INFO: Hard AutoCommit: if uncommited for 15000ms; 
Feb 5, 2014 12:39:42 PM org.apache.solr.update.CommitTracker <init>
INFO: Soft AutoCommit: if uncommited for 5000ms; 
Feb 5, 2014 12:39:42 PM org.apache.solr.update.CommitTracker <init>
INFO: Soft AutoCommit: if uncommited for 5000ms; 
Feb 5, 2014 12:39:42 PM org.apache.solr.handler.component.SpellCheckComponent inform
INFO: Initializing spell checkers
Feb 5, 2014 12:39:42 PM org.apache.solr.handler.component.SpellCheckComponent inform
INFO: Initializing spell checkers
Feb 5, 2014 12:39:42 PM org.apache.solr.spelling.DirectSolrSpellChecker init
INFO: init: {name=default,field=name,classname=solr.DirectSolrSpellChecker,distanceMeasure=internal,accuracy=0.5,maxEdits=2,minPrefix=1,maxInspections=5,minQueryLength=4,maxQueryFrequency=0.01}
Feb 5, 2014 12:39:42 PM org.apache.solr.spelling.DirectSolrSpellChecker init
INFO: init: {name=default,field=name,classname=solr.DirectSolrSpellChecker,distanceMeasure=internal,accuracy=0.5,maxEdits=2,minPrefix=1,maxInspections=5,minQueryLength=4,maxQueryFrequency=0.01}
Feb 5, 2014 12:39:42 PM org.apache.solr.handler.component.SpellCheckComponent inform
INFO: No queryConverter defined, using default converter
Feb 5, 2014 12:39:42 PM org.apache.solr.handler.component.SpellCheckComponent inform
INFO: No queryConverter defined, using default converter
Feb 5, 2014 12:39:42 PM org.apache.solr.search.SolrIndexSearcher <init>
INFO: Opening Searcher@77da366c main
Feb 5, 2014 12:39:42 PM org.apache.solr.handler.ReplicationHandler inform
INFO: Commits will be reserved for  10000
Feb 5, 2014 12:39:42 PM org.apache.solr.handler.ReplicationHandler inform
INFO: Commits will be reserved for  10000
Feb 5, 2014 12:39:42 PM org.apache.solr.update.CommitTracker <init>
INFO: Hard AutoCommit: if uncommited for 15000ms; 
Feb 5, 2014 12:39:42 PM org.apache.solr.update.CommitTracker <init>
INFO: Soft AutoCommit: if uncommited for 5000ms; 
Feb 5, 2014 12:39:42 PM org.apache.solr.handler.component.SpellCheckComponent inform
INFO: Initializing spell checkers
Feb 5, 2014 12:39:42 PM org.apache.solr.spelling.DirectSolrSpellChecker init
INFO: init: {name=default,field=name,classname=solr.DirectSolrSpellChecker,distanceMeasure=internal,accuracy=0.5,maxEdits=2,minPrefix=1,maxInspections=5,minQueryLength=4,maxQueryFrequency=0.01}
Feb 5, 2014 12:39:42 PM org.apache.solr.handler.component.SpellCheckComponent inform
INFO: No queryConverter defined, using default converter
Feb 5, 2014 12:39:42 PM org.apache.solr.handler.ReplicationHandler inform
INFO: Commits will be reserved for  10000
Feb 5, 2014 12:39:42 PM org.apache.solr.core.SolrCore registerSearcher
INFO: [test] Registered new searcher Searcher@1a9d267d main{StandardDirectoryReader(segments_1:1)}
Feb 5, 2014 12:39:42 PM org.apache.solr.core.SolrCore registerSearcher
INFO: [default] Registered new searcher Searcher@4a93837b main{StandardDirectoryReader(segments_1:1)}
Feb 5, 2014 12:39:42 PM org.apache.solr.core.SolrCore registerSearcher
INFO: [development] Registered new searcher Searcher@77da366c main{StandardDirectoryReader(segments_13:99 _19(4.2):C68)}
Feb 5, 2014 12:39:42 PM org.apache.solr.core.CoreContainer registerCore
INFO: registering core: test
Feb 5, 2014 12:39:42 PM org.apache.solr.core.CoreContainer registerCore
INFO: registering core: default
Feb 5, 2014 12:39:42 PM org.apache.solr.core.CoreContainer registerCore
INFO: registering core: development
Feb 5, 2014 12:39:42 PM org.apache.solr.servlet.SolrDispatchFilter init
INFO: user.dir=/Users/Sam/.rvm/gems/ruby-2.0.0-p0/gems/sunspot_solr-2.1.0/solr
Feb 5, 2014 12:39:42 PM org.apache.solr.servlet.SolrDispatchFilter init
INFO: SolrDispatchFilter.init() done
Feb 5, 2014 12:39:59 PM org.apache.solr.core.SolrDeletionPolicy onInit
INFO: SolrDeletionPolicy.onInit: commits:num=1
	commit{dir=NRTCachingDirectory(org.apache.lucene.store.NIOFSDirectory@/Applications/MAMP/htdocs/livestock event final/solr/development/data/index lockFactory=org.apache.lucene.store.NativeFSLockFactory@6d3cba41; maxCacheMB=48.0 maxMergeSizeMB=4.0),segFN=segments_13,generation=39,filenames=[_19_Lucene41_0.tip, _19_Lucene41_0.doc, _19_Lucene41_0.pos, _19.nvd, _19.fnm, _19_Lucene41_0.tim, _19.fdx, segments_13, _19.fdt, _19.nvm, _19.si]
Feb 5, 2014 12:39:59 PM org.apache.solr.core.SolrDeletionPolicy updateCommits
INFO: newest commit = 39[_19_Lucene41_0.tip, _19_Lucene41_0.doc, _19_Lucene41_0.pos, _19.nvd, _19.fnm, _19_Lucene41_0.tim, _19.fdx, segments_13, _19.fdt, _19.nvm, _19.si]
Feb 5, 2014 12:39:59 PM org.apache.solr.update.processor.LogUpdateProcessor finish
INFO: [development] webapp=/solr path=/update params={wt=ruby} {add=[User 18 (1459202554961330176)]} 0 643
Feb 5, 2014 12:40:02 PM org.apache.solr.update.DirectUpdateHandler2 commit
INFO: start commit{,optimize=false,openSearcher=true,waitSearcher=true,expungeDeletes=false,softCommit=false,prepareCommit=false}
Feb 5, 2014 12:40:02 PM org.apache.solr.core.SolrDeletionPolicy onCommit
INFO: SolrDeletionPolicy.onCommit: commits:num=2
	commit{dir=NRTCachingDirectory(org.apache.lucene.store.NIOFSDirectory@/Applications/MAMP/htdocs/livestock event final/solr/development/data/index lockFactory=org.apache.lucene.store.NativeFSLockFactory@6d3cba41; maxCacheMB=48.0 maxMergeSizeMB=4.0),segFN=segments_13,generation=39,filenames=[_19_Lucene41_0.tip, _19_Lucene41_0.doc, _19_Lucene41_0.pos, _19.nvd, _19.fnm, _19_Lucene41_0.tim, _19.fdx, segments_13, _19.fdt, _19.nvm, _19.si]
	commit{dir=NRTCachingDirectory(org.apache.lucene.store.NIOFSDirectory@/Applications/MAMP/htdocs/livestock event final/solr/development/data/index lockFactory=org.apache.lucene.store.NativeFSLockFactory@6d3cba41; maxCacheMB=48.0 maxMergeSizeMB=4.0),segFN=segments_14,generation=40,filenames=[_19_Lucene41_0.tip, _1a.si, _19.fnm, _19_Lucene41_0.tim, _19.fdt, _1a.cfs, _19.si, _19_Lucene41_0.doc, _19_Lucene41_0.pos, _19.nvd, _19.fdx, segments_14, _19.nvm, _1a.cfe]
Feb 5, 2014 12:40:02 PM org.apache.solr.core.SolrDeletionPolicy updateCommits
INFO: newest commit = 40[_19_Lucene41_0.tip, _1a.si, _19.fnm, _19_Lucene41_0.tim, _19.fdt, _1a.cfs, _19.si, _19_Lucene41_0.doc, _19_Lucene41_0.pos, _19.nvd, _19.fdx, segments_14, _19.nvm, _1a.cfe]
Feb 5, 2014 12:40:02 PM org.apache.solr.search.SolrIndexSearcher <init>
INFO: Opening Searcher@371daf60 main
Feb 5, 2014 12:40:02 PM org.apache.solr.core.SolrCore registerSearcher
INFO: [development] Registered new searcher Searcher@371daf60 main{StandardDirectoryReader(segments_14:101 _19(4.2):C68 _1a(4.2):c1)}
Feb 5, 2014 12:40:02 PM org.apache.solr.update.DirectUpdateHandler2 commit
INFO: end_commit_flush
Feb 5, 2014 12:40:02 PM org.apache.solr.update.processor.LogUpdateProcessor finish
INFO: [development] webapp=/solr path=/update params={wt=ruby} {commit=} 0 58
Feb 5, 2014 12:46:48 PM org.apache.solr.update.processor.LogUpdateProcessor finish
INFO: [development] webapp=/solr path=/update params={wt=ruby} {add=[Booking 32 (1459202983784873984)]} 0 8
Feb 5, 2014 12:46:53 PM org.apache.solr.update.DirectUpdateHandler2 commit
INFO: start commit{,optimize=false,openSearcher=true,waitSearcher=true,expungeDeletes=false,softCommit=true,prepareCommit=false}
Feb 5, 2014 12:46:53 PM org.apache.solr.search.SolrIndexSearcher <init>
INFO: Opening Searcher@deb62b6 main
Feb 5, 2014 12:46:53 PM org.apache.solr.update.DirectUpdateHandler2 commit
INFO: end_commit_flush
Feb 5, 2014 12:46:53 PM org.apache.solr.core.SolrCore registerSearcher
INFO: [development] Registered new searcher Searcher@deb62b6 main{StandardDirectoryReader(segments_14:103:nrt _19(4.2):C68 _1a(4.2):c1 _1b(4.2):c1)}
Feb 5, 2014 12:47:03 PM org.apache.solr.update.DirectUpdateHandler2 commit
INFO: start commit{,optimize=false,openSearcher=false,waitSearcher=true,expungeDeletes=false,softCommit=false,prepareCommit=false}
Feb 5, 2014 12:47:03 PM org.apache.solr.core.SolrDeletionPolicy onCommit
INFO: SolrDeletionPolicy.onCommit: commits:num=2
	commit{dir=NRTCachingDirectory(org.apache.lucene.store.NIOFSDirectory@/Applications/MAMP/htdocs/livestock event final/solr/development/data/index lockFactory=org.apache.lucene.store.NativeFSLockFactory@6d3cba41; maxCacheMB=48.0 maxMergeSizeMB=4.0),segFN=segments_14,generation=40,filenames=[_19_Lucene41_0.tip, _1a.si, _19.fnm, _19_Lucene41_0.tim, _19.fdt, _1a.cfs, _19.si, _19_Lucene41_0.doc, _19_Lucene41_0.pos, _19.nvd, _19.fdx, segments_14, _19.nvm, _1a.cfe]
	commit{dir=NRTCachingDirectory(org.apache.lucene.store.NIOFSDirectory@/Applications/MAMP/htdocs/livestock event final/solr/development/data/index lockFactory=org.apache.lucene.store.NativeFSLockFactory@6d3cba41; maxCacheMB=48.0 maxMergeSizeMB=4.0),segFN=segments_15,generation=41,filenames=[_19_Lucene41_0.tip, _1b.cfe, _1a.si, _19.fnm, _19_Lucene41_0.tim, _19.fdt, _1a.cfs, _19.si, _19_Lucene41_0.doc, _19_Lucene41_0.pos, _1b.cfs, _19.nvd, _19.fdx, segments_15, _19.nvm, _1b.si, _1a.cfe]
Feb 5, 2014 12:47:03 PM org.apache.solr.core.SolrDeletionPolicy updateCommits
INFO: newest commit = 41[_19_Lucene41_0.tip, _1b.cfe, _1a.si, _19.fnm, _19_Lucene41_0.tim, _19.fdt, _1a.cfs, _19.si, _19_Lucene41_0.doc, _19_Lucene41_0.pos, _1b.cfs, _19.nvd, _19.fdx, segments_15, _19.nvm, _1b.si, _1a.cfe]
Feb 5, 2014 12:47:03 PM org.apache.solr.update.DirectUpdateHandler2 commit
INFO: end_commit_flush
Feb 5, 2014 1:43:41 PM org.apache.solr.update.processor.LogUpdateProcessor finish
INFO: [development] webapp=/solr path=/update params={wt=ruby} {add=[Booking 33 (1459206563214393344)]} 0 10
Feb 5, 2014 1:43:44 PM org.apache.solr.update.processor.LogUpdateProcessor finish
INFO: [development] webapp=/solr path=/update params={wt=ruby} {add=[Exhibitor 15 (1459206566545719296)]} 0 3
Feb 5, 2014 1:43:44 PM org.apache.solr.update.DirectUpdateHandler2 commit
INFO: start commit{,optimize=false,openSearcher=true,waitSearcher=true,expungeDeletes=false,softCommit=false,prepareCommit=false}
Feb 5, 2014 1:43:44 PM org.apache.solr.core.SolrDeletionPolicy onCommit
INFO: SolrDeletionPolicy.onCommit: commits:num=2
	commit{dir=NRTCachingDirectory(org.apache.lucene.store.NIOFSDirectory@/Applications/MAMP/htdocs/livestock event final/solr/development/data/index lockFactory=org.apache.lucene.store.NativeFSLockFactory@6d3cba41; maxCacheMB=48.0 maxMergeSizeMB=4.0),segFN=segments_15,generation=41,filenames=[_19_Lucene41_0.tip, _1b.cfe, _1a.si, _19.fnm, _19_Lucene41_0.tim, _19.fdt, _1a.cfs, _19.si, _19_Lucene41_0.doc, _19_Lucene41_0.pos, _1b.cfs, _19.nvd, _19.fdx, segments_15, _19.nvm, _1b.si, _1a.cfe]
	commit{dir=NRTCachingDirectory(org.apache.lucene.store.NIOFSDirectory@/Applications/MAMP/htdocs/livestock event final/solr/development/data/index lockFactory=org.apache.lucene.store.NativeFSLockFactory@6d3cba41; maxCacheMB=48.0 maxMergeSizeMB=4.0),segFN=segments_16,generation=42,filenames=[_19_Lucene41_0.tip, _1b.cfe, _1a.si, _19.fnm, _19_Lucene41_0.tim, _19.fdt, _1c.cfs, _1a.cfs, _19.si, _19_Lucene41_0.doc, _19_Lucene41_0.pos, _1b.cfs, _19.nvd, _19.fdx, _1c.cfe, _1c.si, segments_16, _19.nvm, _1b.si, _1a.cfe]
Feb 5, 2014 1:43:44 PM org.apache.solr.core.SolrDeletionPolicy updateCommits
INFO: newest commit = 42[_19_Lucene41_0.tip, _1b.cfe, _1a.si, _19.fnm, _19_Lucene41_0.tim, _19.fdt, _1c.cfs, _1a.cfs, _19.si, _19_Lucene41_0.doc, _19_Lucene41_0.pos, _1b.cfs, _19.nvd, _19.fdx, _1c.cfe, _1c.si, segments_16, _19.nvm, _1b.si, _1a.cfe]
Feb 5, 2014 1:43:44 PM org.apache.solr.search.SolrIndexSearcher <init>
INFO: Opening Searcher@22a316ad main
Feb 5, 2014 1:43:44 PM org.apache.solr.core.SolrCore registerSearcher
INFO: [development] Registered new searcher Searcher@22a316ad main{StandardDirectoryReader(segments_16:106:nrt _19(4.2):C68 _1a(4.2):c1 _1b(4.2):c1 _1c(4.2):c2)}
Feb 5, 2014 1:43:44 PM org.apache.solr.update.DirectUpdateHandler2 commit
INFO: end_commit_flush
Feb 5, 2014 1:43:44 PM org.apache.solr.update.processor.LogUpdateProcessor finish
INFO: [development] webapp=/solr path=/update params={wt=ruby} {commit=} 0 35
Feb 5, 2014 2:13:22 PM org.apache.solr.update.processor.LogUpdateProcessor finish
INFO: [development] webapp=/solr path=/update params={wt=ruby} {add=[Booking 34 (1459208430526922752)]} 0 14
Feb 5, 2014 2:13:26 PM org.apache.solr.update.processor.LogUpdateProcessor finish
INFO: [development] webapp=/solr path=/update params={wt=ruby} {add=[Exhibitor 16 (1459208434230493184)]} 0 2
Feb 5, 2014 2:13:26 PM org.apache.solr.update.DirectUpdateHandler2 commit
INFO: start commit{,optimize=false,openSearcher=true,waitSearcher=true,expungeDeletes=false,softCommit=false,prepareCommit=false}
Feb 5, 2014 2:13:26 PM org.apache.solr.core.SolrDeletionPolicy onCommit
INFO: SolrDeletionPolicy.onCommit: commits:num=2
	commit{dir=NRTCachingDirectory(org.apache.lucene.store.NIOFSDirectory@/Applications/MAMP/htdocs/livestock event final/solr/development/data/index lockFactory=org.apache.lucene.store.NativeFSLockFactory@6d3cba41; maxCacheMB=48.0 maxMergeSizeMB=4.0),segFN=segments_16,generation=42,filenames=[_19_Lucene41_0.tip, _1b.cfe, _1a.si, _19.fnm, _19_Lucene41_0.tim, _19.fdt, _1c.cfs, _1a.cfs, _19.si, _19_Lucene41_0.doc, _19_Lucene41_0.pos, _1b.cfs, _19.nvd, _19.fdx, _1c.cfe, _1c.si, segments_16, _19.nvm, _1b.si, _1a.cfe]
	commit{dir=NRTCachingDirectory(org.apache.lucene.store.NIOFSDirectory@/Applications/MAMP/htdocs/livestock event final/solr/development/data/index lockFactory=org.apache.lucene.store.NativeFSLockFactory@6d3cba41; maxCacheMB=48.0 maxMergeSizeMB=4.0),segFN=segments_17,generation=43,filenames=[_1e.nvd, _1e_Lucene41_0.pos, _1d_Lucene41_0.tip, _1d_Lucene41_0.doc, _1e.fdx, _1d.nvm, _1e.fdt, _1e.si, _1d.nvd, _1e_Lucene41_0.doc, _1e.nvm, _1d_Lucene41_0.tim, _1d_Lucene41_0.pos, _1e_Lucene41_0.tip, _1d.fnm, _1d.si, _1d.fdx, segments_17, _1d.fdt, _1e_Lucene41_0.tim, _1e.fnm]
Feb 5, 2014 2:13:26 PM org.apache.solr.core.SolrDeletionPolicy updateCommits
INFO: newest commit = 43[_1e.nvd, _1e_Lucene41_0.pos, _1d_Lucene41_0.tip, _1d_Lucene41_0.doc, _1e.fdx, _1d.nvm, _1e.fdt, _1e.si, _1d.nvd, _1e_Lucene41_0.doc, _1e.nvm, _1d_Lucene41_0.tim, _1d_Lucene41_0.pos, _1e_Lucene41_0.tip, _1d.fnm, _1d.si, _1d.fdx, segments_17, _1d.fdt, _1e_Lucene41_0.tim, _1e.fnm]
Feb 5, 2014 2:13:26 PM org.apache.solr.search.SolrIndexSearcher <init>
INFO: Opening Searcher@e9bfee2 main
Feb 5, 2014 2:13:26 PM org.apache.solr.core.SolrCore registerSearcher
INFO: [development] Registered new searcher Searcher@e9bfee2 main{StandardDirectoryReader(segments_17:109:nrt _1d(4.2):C72 _1e(4.2):C2)}
Feb 5, 2014 2:13:26 PM org.apache.solr.update.DirectUpdateHandler2 commit
INFO: end_commit_flush
Feb 5, 2014 2:13:26 PM org.apache.solr.update.processor.LogUpdateProcessor finish
INFO: [development] webapp=/solr path=/update params={wt=ruby} {commit=} 0 33
Feb 5, 2014 4:04:49 PM org.apache.solr.update.processor.LogUpdateProcessor finish
INFO: [development] webapp=/solr path=/update params={wt=ruby} {add=[Booking 35 (1459215442455298048)]} 0 11
Feb 5, 2014 4:04:52 PM org.apache.solr.update.processor.LogUpdateProcessor finish
INFO: [development] webapp=/solr path=/update params={wt=ruby} {add=[Exhibitor 17 (1459215445723709440)]} 0 1
Feb 5, 2014 4:04:52 PM org.apache.solr.update.DirectUpdateHandler2 commit
INFO: start commit{,optimize=false,openSearcher=true,waitSearcher=true,expungeDeletes=false,softCommit=false,prepareCommit=false}
Feb 5, 2014 4:04:52 PM org.apache.solr.core.SolrDeletionPolicy onCommit
INFO: SolrDeletionPolicy.onCommit: commits:num=2
	commit{dir=NRTCachingDirectory(org.apache.lucene.store.NIOFSDirectory@/Applications/MAMP/htdocs/livestock event final/solr/development/data/index lockFactory=org.apache.lucene.store.NativeFSLockFactory@6d3cba41; maxCacheMB=48.0 maxMergeSizeMB=4.0),segFN=segments_17,generation=43,filenames=[_1e.nvd, _1e_Lucene41_0.pos, _1d_Lucene41_0.tip, _1d_Lucene41_0.doc, _1e.fdx, _1d.nvm, _1e.fdt, _1e.si, _1d.nvd, _1e_Lucene41_0.doc, _1e.nvm, _1d_Lucene41_0.tim, _1d_Lucene41_0.pos, _1e_Lucene41_0.tip, _1d.fnm, _1d.si, _1d.fdx, segments_17, _1d.fdt, _1e_Lucene41_0.tim, _1e.fnm]
	commit{dir=NRTCachingDirectory(org.apache.lucene.store.NIOFSDirectory@/Applications/MAMP/htdocs/livestock event final/solr/development/data/index lockFactory=org.apache.lucene.store.NativeFSLockFactory@6d3cba41; maxCacheMB=48.0 maxMergeSizeMB=4.0),segFN=segments_18,generation=44,filenames=[_1e.nvd, _1e_Lucene41_0.pos, _1d_Lucene41_0.tip, _1d_Lucene41_0.doc, _1e.fdx, _1d.nvm, _1f.cfs, _1e.fdt, _1e.si, _1d.nvd, _1e_Lucene41_0.doc, _1e.nvm, _1d_Lucene41_0.tim, _1d_Lucene41_0.pos, _1e_Lucene41_0.tip, _1d.fnm, _1d.si, _1f.cfe, _1d.fdx, _1f.si, _1d.fdt, _1e_Lucene41_0.tim, _1e.fnm, segments_18]
Feb 5, 2014 4:04:52 PM org.apache.solr.core.SolrDeletionPolicy updateCommits
INFO: newest commit = 44[_1e.nvd, _1e_Lucene41_0.pos, _1d_Lucene41_0.tip, _1d_Lucene41_0.doc, _1e.fdx, _1d.nvm, _1f.cfs, _1e.fdt, _1e.si, _1d.nvd, _1e_Lucene41_0.doc, _1e.nvm, _1d_Lucene41_0.tim, _1d_Lucene41_0.pos, _1e_Lucene41_0.tip, _1d.fnm, _1d.si, _1f.cfe, _1d.fdx, _1f.si, _1d.fdt, _1e_Lucene41_0.tim, _1e.fnm, segments_18]
Feb 5, 2014 4:04:52 PM org.apache.solr.search.SolrIndexSearcher <init>
INFO: Opening Searcher@204b7b1 main
Feb 5, 2014 4:04:52 PM org.apache.solr.core.SolrCore registerSearcher
INFO: [development] Registered new searcher Searcher@204b7b1 main{StandardDirectoryReader(segments_18:111:nrt _1d(4.2):C72 _1e(4.2):C2 _1f(4.2):c2)}
Feb 5, 2014 4:04:52 PM org.apache.solr.update.DirectUpdateHandler2 commit
INFO: end_commit_flush
Feb 5, 2014 4:04:52 PM org.apache.solr.update.processor.LogUpdateProcessor finish
INFO: [development] webapp=/solr path=/update params={wt=ruby} {commit=} 0 21
Feb 5, 2014 4:40:32 PM org.apache.solr.update.processor.LogUpdateProcessor finish
INFO: [development] webapp=/solr path=/update params={wt=ruby} {add=[User 19 (1459217689578831872)]} 0 16
Feb 5, 2014 4:40:35 PM org.apache.solr.update.DirectUpdateHandler2 commit
INFO: start commit{,optimize=false,openSearcher=true,waitSearcher=true,expungeDeletes=false,softCommit=false,prepareCommit=false}
Feb 5, 2014 4:40:35 PM org.apache.solr.core.SolrDeletionPolicy onCommit
INFO: SolrDeletionPolicy.onCommit: commits:num=2
	commit{dir=NRTCachingDirectory(org.apache.lucene.store.NIOFSDirectory@/Applications/MAMP/htdocs/livestock event final/solr/development/data/index lockFactory=org.apache.lucene.store.NativeFSLockFactory@6d3cba41; maxCacheMB=48.0 maxMergeSizeMB=4.0),segFN=segments_18,generation=44,filenames=[_1e.nvd, _1e_Lucene41_0.pos, _1d_Lucene41_0.tip, _1d_Lucene41_0.doc, _1e.fdx, _1d.nvm, _1f.cfs, _1e.fdt, _1e.si, _1d.nvd, _1e_Lucene41_0.doc, _1e.nvm, _1d_Lucene41_0.tim, _1d_Lucene41_0.pos, _1e_Lucene41_0.tip, _1d.fnm, _1d.si, _1f.cfe, _1d.fdx, _1f.si, _1d.fdt, _1e_Lucene41_0.tim, _1e.fnm, segments_18]
	commit{dir=NRTCachingDirectory(org.apache.lucene.store.NIOFSDirectory@/Applications/MAMP/htdocs/livestock event final/solr/development/data/index lockFactory=org.apache.lucene.store.NativeFSLockFactory@6d3cba41; maxCacheMB=48.0 maxMergeSizeMB=4.0),segFN=segments_19,generation=45,filenames=[_1e.nvd, _1d_Lucene41_0.doc, _1d_Lucene41_0.tip, _1d.nvm, _1e.si, _1d.nvd, _1e.nvm, _1d_Lucene41_0.tim, _1d.fnm, _1d.si, _1d.fdx, _1f.si, _1d.fdt, _1e.fnm, _1e_Lucene41_0.pos, _1g.cfs, _1e.fdx, _1e.fdt, _1f.cfs, _1e_Lucene41_0.doc, _1e_Lucene41_0.tip, _1d_Lucene41_0.pos, _1g.si, _1f.cfe, _1g.cfe, segments_19, _1e_Lucene41_0.tim]
Feb 5, 2014 4:40:35 PM org.apache.solr.core.SolrDeletionPolicy updateCommits
INFO: newest commit = 45[_1e.nvd, _1d_Lucene41_0.doc, _1d_Lucene41_0.tip, _1d.nvm, _1e.si, _1d.nvd, _1e.nvm, _1d_Lucene41_0.tim, _1d.fnm, _1d.si, _1d.fdx, _1f.si, _1d.fdt, _1e.fnm, _1e_Lucene41_0.pos, _1g.cfs, _1e.fdx, _1e.fdt, _1f.cfs, _1e_Lucene41_0.doc, _1e_Lucene41_0.tip, _1d_Lucene41_0.pos, _1g.si, _1f.cfe, _1g.cfe, segments_19, _1e_Lucene41_0.tim]
Feb 5, 2014 4:40:35 PM org.apache.solr.search.SolrIndexSearcher <init>
INFO: Opening Searcher@3f0dbef1 main
Feb 5, 2014 4:40:35 PM org.apache.solr.core.SolrCore registerSearcher
INFO: [development] Registered new searcher Searcher@3f0dbef1 main{StandardDirectoryReader(segments_19:114:nrt _1d(4.2):C72 _1e(4.2):C2 _1f(4.2):c2 _1g(4.2):c1)}
Feb 5, 2014 4:40:35 PM org.apache.solr.update.DirectUpdateHandler2 commit
INFO: end_commit_flush
Feb 5, 2014 4:40:35 PM org.apache.solr.update.processor.LogUpdateProcessor finish
INFO: [development] webapp=/solr path=/update params={wt=ruby} {commit=} 0 33
Feb 5, 2014 4:46:43 PM org.apache.solr.update.processor.LogUpdateProcessor finish
INFO: [development] webapp=/solr path=/update params={wt=ruby} {add=[Exhibitor 18 (1459218078464212992)]} 0 12
Feb 5, 2014 4:46:43 PM org.apache.solr.update.processor.LogUpdateProcessor finish
INFO: [development] webapp=/solr path=/update params={wt=ruby} {add=[Exhibitor 18 (1459218078479941632)]} 0 2
Feb 5, 2014 4:46:43 PM org.apache.solr.update.DirectUpdateHandler2 commit
INFO: start commit{,optimize=false,openSearcher=true,waitSearcher=true,expungeDeletes=false,softCommit=false,prepareCommit=false}
Feb 5, 2014 4:46:43 PM org.apache.solr.core.SolrDeletionPolicy onCommit
INFO: SolrDeletionPolicy.onCommit: commits:num=2
	commit{dir=NRTCachingDirectory(org.apache.lucene.store.NIOFSDirectory@/Applications/MAMP/htdocs/livestock event final/solr/development/data/index lockFactory=org.apache.lucene.store.NativeFSLockFactory@6d3cba41; maxCacheMB=48.0 maxMergeSizeMB=4.0),segFN=segments_19,generation=45,filenames=[_1e.nvd, _1d_Lucene41_0.doc, _1d_Lucene41_0.tip, _1d.nvm, _1e.si, _1d.nvd, _1e.nvm, _1d_Lucene41_0.tim, _1d.fnm, _1d.si, _1d.fdx, _1f.si, _1d.fdt, _1e.fnm, _1e_Lucene41_0.pos, _1g.cfs, _1e.fdx, _1e.fdt, _1f.cfs, _1e_Lucene41_0.doc, _1e_Lucene41_0.tip, _1d_Lucene41_0.pos, _1g.si, _1f.cfe, _1g.cfe, segments_19, _1e_Lucene41_0.tim]
	commit{dir=NRTCachingDirectory(org.apache.lucene.store.NIOFSDirectory@/Applications/MAMP/htdocs/livestock event final/solr/development/data/index lockFactory=org.apache.lucene.store.NativeFSLockFactory@6d3cba41; maxCacheMB=48.0 maxMergeSizeMB=4.0),segFN=segments_1a,generation=46,filenames=[_1i.cfe, _1h.fnm, _1h.fdt, _1i_1.del, segments_1a, _1h.nvd, _1h_Lucene41_0.pos, _1h.si, _1i.cfs, _1h_Lucene41_0.doc, _1h.nvm, _1h_Lucene41_0.tim, _1h.fdx, _1i.si, _1h_Lucene41_0.tip]
Feb 5, 2014 4:46:43 PM org.apache.solr.core.SolrDeletionPolicy updateCommits
INFO: newest commit = 46[_1i.cfe, _1h.fnm, _1h.fdt, _1i_1.del, segments_1a, _1h.nvd, _1h_Lucene41_0.pos, _1h.si, _1i.cfs, _1h_Lucene41_0.doc, _1h.nvm, _1h_Lucene41_0.tim, _1h.fdx, _1i.si, _1h_Lucene41_0.tip]
Feb 5, 2014 4:46:43 PM org.apache.solr.search.SolrIndexSearcher <init>
INFO: Opening Searcher@696e1ccd main
Feb 5, 2014 4:46:43 PM org.apache.solr.update.DirectUpdateHandler2 commit
INFO: end_commit_flush
Feb 5, 2014 4:46:43 PM org.apache.solr.core.SolrCore registerSearcher
INFO: [development] Registered new searcher Searcher@696e1ccd main{StandardDirectoryReader(segments_1a:117:nrt _1h(4.2):C77 _1i(4.2):c2/1)}
Feb 5, 2014 4:46:43 PM org.apache.solr.update.processor.LogUpdateProcessor finish
INFO: [development] webapp=/solr path=/update params={wt=ruby} {commit=} 0 45
Feb 5, 2014 6:44:59 PM org.apache.solr.update.processor.LogUpdateProcessor finish
INFO: [development] webapp=/solr path=/update params={wt=ruby} {add=[Booking 36 (1459225519047311360)]} 0 17
Feb 5, 2014 6:45:03 PM org.apache.solr.update.processor.LogUpdateProcessor finish
INFO: [development] webapp=/solr path=/update params={wt=ruby} {add=[Exhibitor 19 (1459225522918653952)]} 0 1
Feb 5, 2014 6:45:03 PM org.apache.solr.update.DirectUpdateHandler2 commit
INFO: start commit{,optimize=false,openSearcher=true,waitSearcher=true,expungeDeletes=false,softCommit=false,prepareCommit=false}
Feb 5, 2014 6:45:03 PM org.apache.solr.core.SolrDeletionPolicy onCommit
INFO: SolrDeletionPolicy.onCommit: commits:num=2
	commit{dir=NRTCachingDirectory(org.apache.lucene.store.NIOFSDirectory@/Applications/MAMP/htdocs/livestock event final/solr/development/data/index lockFactory=org.apache.lucene.store.NativeFSLockFactory@6d3cba41; maxCacheMB=48.0 maxMergeSizeMB=4.0),segFN=segments_1a,generation=46,filenames=[_1i.cfe, _1h.fnm, _1h.fdt, _1i_1.del, segments_1a, _1h.nvd, _1h_Lucene41_0.pos, _1h.si, _1i.cfs, _1h_Lucene41_0.doc, _1h.nvm, _1h_Lucene41_0.tim, _1h.fdx, _1i.si, _1h_Lucene41_0.tip]
	commit{dir=NRTCachingDirectory(org.apache.lucene.store.NIOFSDirectory@/Applications/MAMP/htdocs/livestock event final/solr/development/data/index lockFactory=org.apache.lucene.store.NativeFSLockFactory@6d3cba41; maxCacheMB=48.0 maxMergeSizeMB=4.0),segFN=segments_1b,generation=47,filenames=[_1i.cfe, _1j.si, _1h.fnm, _1h.fdt, segments_1b, _1j.cfe, _1i_1.del, _1h.nvd, _1h_Lucene41_0.pos, _1h.si, _1i.cfs, _1h_Lucene41_0.doc, _1j.cfs, _1h.nvm, _1h_Lucene41_0.tim, _1h.fdx, _1i.si, _1h_Lucene41_0.tip]
Feb 5, 2014 6:45:03 PM org.apache.solr.core.SolrDeletionPolicy updateCommits
INFO: newest commit = 47[_1i.cfe, _1j.si, _1h.fnm, _1h.fdt, segments_1b, _1j.cfe, _1i_1.del, _1h.nvd, _1h_Lucene41_0.pos, _1h.si, _1i.cfs, _1h_Lucene41_0.doc, _1j.cfs, _1h.nvm, _1h_Lucene41_0.tim, _1h.fdx, _1i.si, _1h_Lucene41_0.tip]
Feb 5, 2014 6:45:03 PM org.apache.solr.search.SolrIndexSearcher <init>
INFO: Opening Searcher@7e350225 main
Feb 5, 2014 6:45:03 PM org.apache.solr.update.DirectUpdateHandler2 commit
INFO: end_commit_flush
Feb 5, 2014 6:45:03 PM org.apache.solr.core.SolrCore registerSearcher
INFO: [development] Registered new searcher Searcher@7e350225 main{StandardDirectoryReader(segments_1b:119:nrt _1h(4.2):C77 _1i(4.2):c2/1 _1j(4.2):c2)}
Feb 5, 2014 6:45:03 PM org.apache.solr.update.processor.LogUpdateProcessor finish
INFO: [development] webapp=/solr path=/update params={wt=ruby} {commit=} 0 21
Feb 6, 2014 12:18:29 PM org.apache.solr.update.processor.LogUpdateProcessor finish
INFO: [development] webapp=/solr path=/update params={wt=ruby} {add=[Booking 37 (1459291799850844160)]} 0 14
Feb 6, 2014 12:18:33 PM org.apache.solr.update.processor.LogUpdateProcessor finish
INFO: [development] webapp=/solr path=/update params={wt=ruby} {add=[Exhibitor 20 (1459291803449556992)]} 0 5
Feb 6, 2014 12:18:33 PM org.apache.solr.update.DirectUpdateHandler2 commit
INFO: start commit{,optimize=false,openSearcher=true,waitSearcher=true,expungeDeletes=false,softCommit=false,prepareCommit=false}
Feb 6, 2014 12:18:33 PM org.apache.solr.core.SolrDeletionPolicy onCommit
INFO: SolrDeletionPolicy.onCommit: commits:num=2
	commit{dir=NRTCachingDirectory(org.apache.lucene.store.NIOFSDirectory@/Applications/MAMP/htdocs/livestock event final/solr/development/data/index lockFactory=org.apache.lucene.store.NativeFSLockFactory@6d3cba41; maxCacheMB=48.0 maxMergeSizeMB=4.0),segFN=segments_1b,generation=47,filenames=[_1i.cfe, _1j.si, _1h.fnm, _1h.fdt, segments_1b, _1j.cfe, _1i_1.del, _1h.nvd, _1h_Lucene41_0.pos, _1h.si, _1i.cfs, _1h_Lucene41_0.doc, _1j.cfs, _1h.nvm, _1h_Lucene41_0.tim, _1h.fdx, _1i.si, _1h_Lucene41_0.tip]
	commit{dir=NRTCachingDirectory(org.apache.lucene.store.NIOFSDirectory@/Applications/MAMP/htdocs/livestock event final/solr/development/data/index lockFactory=org.apache.lucene.store.NativeFSLockFactory@6d3cba41; maxCacheMB=48.0 maxMergeSizeMB=4.0),segFN=segments_1c,generation=48,filenames=[_1i.cfe, _1k.cfe, _1j.si, _1h.fnm, _1h.fdt, _1j.cfe, _1i_1.del, segments_1c, _1h.nvd, _1h_Lucene41_0.pos, _1k.cfs, _1h.si, _1i.cfs, _1h_Lucene41_0.doc, _1j.cfs, _1h.nvm, _1k.si, _1h_Lucene41_0.tim, _1h.fdx, _1i.si, _1h_Lucene41_0.tip]
Feb 6, 2014 12:18:33 PM org.apache.solr.core.SolrDeletionPolicy updateCommits
INFO: newest commit = 48[_1i.cfe, _1k.cfe, _1j.si, _1h.fnm, _1h.fdt, _1j.cfe, _1i_1.del, segments_1c, _1h.nvd, _1h_Lucene41_0.pos, _1k.cfs, _1h.si, _1i.cfs, _1h_Lucene41_0.doc, _1j.cfs, _1h.nvm, _1k.si, _1h_Lucene41_0.tim, _1h.fdx, _1i.si, _1h_Lucene41_0.tip]
Feb 6, 2014 12:18:33 PM org.apache.solr.search.SolrIndexSearcher <init>
INFO: Opening Searcher@4da42824 main
Feb 6, 2014 12:18:33 PM org.apache.solr.update.DirectUpdateHandler2 commit
INFO: end_commit_flush
Feb 6, 2014 12:18:33 PM org.apache.solr.core.SolrCore registerSearcher
INFO: [development] Registered new searcher Searcher@4da42824 main{StandardDirectoryReader(segments_1c:122:nrt _1h(4.2):C77 _1i(4.2):c2/1 _1j(4.2):c2 _1k(4.2):c2)}
Feb 6, 2014 12:18:33 PM org.apache.solr.update.processor.LogUpdateProcessor finish
INFO: [development] webapp=/solr path=/update params={wt=ruby} {commit=} 0 32
Feb 7, 2014 4:30:07 PM org.apache.solr.core.SolrCore execute
INFO: [development] webapp=/solr path=/select params={fl=*+score&start=0&q=Sam&qf=company_name_text+correspondence_address_text+invoice_address_text+show_area_text+stand_type_text+breed_society_text+zone_text+website_text+contact_name_text+telephone_text+email_text+notes_text+exhibiting_name_text+po_number_text+finance_contact_text+finance_telephone_text+requirements_text+billing_surname_text+billing_firstnames_text+delivery_surname_text+delivery_firstnames_text+name_text+attribution_text+quote_text+title_text+article_content_text+author_text+address_text+category_text&wt=ruby&fq=type:(Booking+OR+Order+OR+User+OR+Testimonial+OR+Article+OR+Supporter+OR+Contractor)&rows=20&defType=edismax} hits=10 status=0 QTime=134 
Feb 7, 2014 5:52:18 PM org.apache.solr.update.processor.LogUpdateProcessor finish
INFO: [development] webapp=/solr path=/update params={wt=ruby} {add=[Booking 35 (1459403398262554624)]} 0 16
Feb 7, 2014 5:52:18 PM org.apache.solr.update.processor.LogUpdateProcessor finish
INFO: [development] webapp=/solr path=/update params={wt=ruby} {add=[Booking 35 (1459403398296109056)]} 0 3
Feb 7, 2014 5:52:23 PM org.apache.solr.update.DirectUpdateHandler2 commit
INFO: start commit{,optimize=false,openSearcher=true,waitSearcher=true,expungeDeletes=false,softCommit=true,prepareCommit=false}
Feb 7, 2014 5:52:23 PM org.apache.solr.search.SolrIndexSearcher <init>
INFO: Opening Searcher@71f84d01 main
Feb 7, 2014 5:52:23 PM org.apache.solr.update.DirectUpdateHandler2 commit
INFO: end_commit_flush
Feb 7, 2014 5:52:23 PM org.apache.solr.core.SolrCore registerSearcher
INFO: [development] Registered new searcher Searcher@71f84d01 main{StandardDirectoryReader(segments_1c:126:nrt _1l(4.2):C82/1 _1m(4.2):c2/1)}
Feb 7, 2014 5:52:33 PM org.apache.solr.update.DirectUpdateHandler2 commit
INFO: start commit{,optimize=false,openSearcher=false,waitSearcher=true,expungeDeletes=false,softCommit=false,prepareCommit=false}
Feb 7, 2014 5:52:33 PM org.apache.solr.core.SolrDeletionPolicy onCommit
INFO: SolrDeletionPolicy.onCommit: commits:num=2
	commit{dir=NRTCachingDirectory(org.apache.lucene.store.NIOFSDirectory@/Applications/MAMP/htdocs/livestock event final/solr/development/data/index lockFactory=org.apache.lucene.store.NativeFSLockFactory@6d3cba41; maxCacheMB=48.0 maxMergeSizeMB=4.0),segFN=segments_1c,generation=48,filenames=[_1i.cfe, _1k.cfe, _1j.si, _1h.fnm, _1h.fdt, _1j.cfe, _1i_1.del, segments_1c, _1h.nvd, _1h_Lucene41_0.pos, _1k.cfs, _1h.si, _1i.cfs, _1h_Lucene41_0.doc, _1j.cfs, _1h.nvm, _1k.si, _1h_Lucene41_0.tim, _1h.fdx, _1i.si, _1h_Lucene41_0.tip]
	commit{dir=NRTCachingDirectory(org.apache.lucene.store.NIOFSDirectory@/Applications/MAMP/htdocs/livestock event final/solr/development/data/index lockFactory=org.apache.lucene.store.NativeFSLockFactory@6d3cba41; maxCacheMB=48.0 maxMergeSizeMB=4.0),segFN=segments_1d,generation=49,filenames=[_1l_Lucene41_0.tim, _1m_1.del, _1l.nvm, _1m.cfs, _1l_Lucene41_0.doc, _1l_1.del, _1l_Lucene41_0.pos, segments_1d, _1m.si, _1l.fdt, _1m.cfe, _1l.fnm, _1l.fdx, _1l.si, _1l.nvd, _1l_Lucene41_0.tip]
Feb 7, 2014 5:52:33 PM org.apache.solr.core.SolrDeletionPolicy updateCommits
INFO: newest commit = 49[_1l_Lucene41_0.tim, _1m_1.del, _1l.nvm, _1m.cfs, _1l_Lucene41_0.doc, _1l_1.del, _1l_Lucene41_0.pos, segments_1d, _1m.si, _1l.fdt, _1m.cfe, _1l.fnm, _1l.fdx, _1l.si, _1l.nvd, _1l_Lucene41_0.tip]
Feb 7, 2014 5:52:33 PM org.apache.solr.update.DirectUpdateHandler2 commit
INFO: end_commit_flush
Feb 7, 2014 5:53:18 PM org.apache.solr.update.processor.LogUpdateProcessor finish
INFO: [development] webapp=/solr path=/update params={wt=ruby} {add=[Booking 35 (1459403461161385984)]} 0 3
Feb 7, 2014 5:53:18 PM org.apache.solr.update.processor.LogUpdateProcessor finish
INFO: [development] webapp=/solr path=/update params={wt=ruby} {add=[Booking 35 (1459403461173968896)]} 0 5
Feb 7, 2014 5:53:23 PM org.apache.solr.update.DirectUpdateHandler2 commit
INFO: start commit{,optimize=false,openSearcher=true,waitSearcher=true,expungeDeletes=false,softCommit=true,prepareCommit=false}
Feb 7, 2014 5:53:23 PM org.apache.solr.search.SolrIndexSearcher <init>
INFO: Opening Searcher@5ea47962 main
Feb 7, 2014 5:53:23 PM org.apache.solr.update.DirectUpdateHandler2 commit
INFO: end_commit_flush
Feb 7, 2014 5:53:23 PM org.apache.solr.core.SolrCore registerSearcher
INFO: [development] Registered new searcher Searcher@5ea47962 main{StandardDirectoryReader(segments_1d:130:nrt _1l(4.2):C82/1 _1n(4.2):c2/1)}
Feb 7, 2014 5:53:33 PM org.apache.solr.update.DirectUpdateHandler2 commit
INFO: start commit{,optimize=false,openSearcher=false,waitSearcher=true,expungeDeletes=false,softCommit=false,prepareCommit=false}
Feb 7, 2014 5:53:33 PM org.apache.solr.core.SolrDeletionPolicy onCommit
INFO: SolrDeletionPolicy.onCommit: commits:num=2
	commit{dir=NRTCachingDirectory(org.apache.lucene.store.NIOFSDirectory@/Applications/MAMP/htdocs/livestock event final/solr/development/data/index lockFactory=org.apache.lucene.store.NativeFSLockFactory@6d3cba41; maxCacheMB=48.0 maxMergeSizeMB=4.0),segFN=segments_1d,generation=49,filenames=[_1l_Lucene41_0.tim, _1m_1.del, _1l.nvm, _1m.cfs, _1l_Lucene41_0.doc, _1l_1.del, _1l_Lucene41_0.pos, segments_1d, _1m.si, _1l.fdt, _1m.cfe, _1l.fnm, _1l.fdx, _1l.si, _1l.nvd, _1l_Lucene41_0.tip]
	commit{dir=NRTCachingDirectory(org.apache.lucene.store.NIOFSDirectory@/Applications/MAMP/htdocs/livestock event final/solr/development/data/index lockFactory=org.apache.lucene.store.NativeFSLockFactory@6d3cba41; maxCacheMB=48.0 maxMergeSizeMB=4.0),segFN=segments_1e,generation=50,filenames=[_1l_Lucene41_0.tim, _1l.nvm, _1n.si, _1n.cfe, _1l_Lucene41_0.doc, _1l_1.del, _1n.cfs, _1l_Lucene41_0.pos, segments_1e, _1l.fdt, _1l.fnm, _1l.fdx, _1n_1.del, _1l.si, _1l.nvd, _1l_Lucene41_0.tip]
Feb 7, 2014 5:53:33 PM org.apache.solr.core.SolrDeletionPolicy updateCommits
INFO: newest commit = 50[_1l_Lucene41_0.tim, _1l.nvm, _1n.si, _1n.cfe, _1l_Lucene41_0.doc, _1l_1.del, _1n.cfs, _1l_Lucene41_0.pos, segments_1e, _1l.fdt, _1l.fnm, _1l.fdx, _1n_1.del, _1l.si, _1l.nvd, _1l_Lucene41_0.tip]
Feb 7, 2014 5:53:33 PM org.apache.solr.update.DirectUpdateHandler2 commit
INFO: end_commit_flush
Feb 7, 2014 6:41:36 PM org.apache.solr.update.processor.LogUpdateProcessor finish
INFO: [development] webapp=/solr path=/update params={wt=ruby} {add=[Booking 14 (1459406499838164992)]} 0 12
Feb 7, 2014 6:41:36 PM org.apache.solr.update.processor.LogUpdateProcessor finish
INFO: [development] webapp=/solr path=/update params={wt=ruby} {add=[Booking 14 (1459406499864379392)]} 0 5
Feb 7, 2014 6:41:36 PM org.apache.solr.update.processor.LogUpdateProcessor finish
INFO: [development] webapp=/solr path=/update params={wt=ruby} {add=[Booking 16 (1459406499884302336)]} 0 5
Feb 7, 2014 6:41:36 PM org.apache.solr.update.processor.LogUpdateProcessor finish
INFO: [development] webapp=/solr path=/update params={wt=ruby} {add=[Booking 16 (1459406499900030976)]} 0 4
Feb 7, 2014 6:41:36 PM org.apache.solr.update.processor.LogUpdateProcessor finish
INFO: [development] webapp=/solr path=/update params={wt=ruby} {add=[Booking 19 (1459406499921002496)]} 0 4
Feb 7, 2014 6:41:36 PM org.apache.solr.update.processor.LogUpdateProcessor finish
INFO: [development] webapp=/solr path=/update params={wt=ruby} {add=[Booking 19 (1459406499934633984)]} 0 2
Feb 7, 2014 6:41:36 PM org.apache.solr.update.processor.LogUpdateProcessor finish
INFO: [development] webapp=/solr path=/update params={wt=ruby} {add=[Booking 18 (1459406499952459776)]} 0 4
Feb 7, 2014 6:41:36 PM org.apache.solr.update.processor.LogUpdateProcessor finish
INFO: [development] webapp=/solr path=/update params={wt=ruby} {add=[Booking 18 (1459406499966091264)]} 0 3
Feb 7, 2014 6:41:36 PM org.apache.solr.update.processor.LogUpdateProcessor finish
INFO: [development] webapp=/solr path=/update params={wt=ruby} {add=[Booking 20 (1459406500023762944)]} 0 2
Feb 7, 2014 6:41:36 PM org.apache.solr.update.processor.LogUpdateProcessor finish
INFO: [development] webapp=/solr path=/update params={wt=ruby} {add=[Booking 20 (1459406500035297280)]} 0 3
Feb 7, 2014 6:41:36 PM org.apache.solr.update.processor.LogUpdateProcessor finish
INFO: [development] webapp=/solr path=/update params={wt=ruby} {add=[Booking 21 (1459406500060463104)]} 0 2
Feb 7, 2014 6:41:36 PM org.apache.solr.update.processor.LogUpdateProcessor finish
INFO: [development] webapp=/solr path=/update params={wt=ruby} {add=[Booking 21 (1459406500071997440)]} 0 2
Feb 7, 2014 6:41:36 PM org.apache.solr.update.processor.LogUpdateProcessor finish
INFO: [development] webapp=/solr path=/update params={wt=ruby} {add=[Booking 22 (1459406500088774656)]} 0 2
Feb 7, 2014 6:41:36 PM org.apache.solr.update.processor.LogUpdateProcessor finish
INFO: [development] webapp=/solr path=/update params={wt=ruby} {add=[Booking 22 (1459406500100308992)]} 0 3
Feb 7, 2014 6:41:36 PM org.apache.solr.update.processor.LogUpdateProcessor finish
INFO: [development] webapp=/solr path=/update params={wt=ruby} {add=[Booking 23 (1459406500118134784)]} 0 2
Feb 7, 2014 6:41:36 PM org.apache.solr.update.processor.LogUpdateProcessor finish
INFO: [development] webapp=/solr path=/update params={wt=ruby} {add=[Booking 23 (1459406500130717696)]} 0 1
Feb 7, 2014 6:41:36 PM org.apache.solr.update.processor.LogUpdateProcessor finish
INFO: [development] webapp=/solr path=/update params={wt=ruby} {add=[Booking 29 (1459406500146446336)]} 0 2
Feb 7, 2014 6:41:36 PM org.apache.solr.update.processor.LogUpdateProcessor finish
INFO: [development] webapp=/solr path=/update params={wt=ruby} {add=[Booking 29 (1459406500273324032)]} 0 4
Feb 7, 2014 6:41:36 PM org.apache.solr.update.processor.LogUpdateProcessor finish
INFO: [development] webapp=/solr path=/update params={wt=ruby} {add=[Booking 30 (1459406500292198400)]} 0 2
Feb 7, 2014 6:41:36 PM org.apache.solr.update.processor.LogUpdateProcessor finish
INFO: [development] webapp=/solr path=/update params={wt=ruby} {add=[Booking 30 (1459406500305829888)]} 0 2
Feb 7, 2014 6:41:36 PM org.apache.solr.update.processor.LogUpdateProcessor finish
INFO: [development] webapp=/solr path=/update params={wt=ruby} {add=[Booking 31 (1459406500323655680)]} 0 3
Feb 7, 2014 6:41:36 PM org.apache.solr.update.processor.LogUpdateProcessor finish
INFO: [development] webapp=/solr path=/update params={wt=ruby} {add=[Booking 31 (1459406500336238592)]} 0 3
Feb 7, 2014 6:41:36 PM org.apache.solr.update.processor.LogUpdateProcessor finish
INFO: [development] webapp=/solr path=/update params={wt=ruby} {add=[Booking 32 (1459406500359307264)]} 0 2
Feb 7, 2014 6:41:36 PM org.apache.solr.update.processor.LogUpdateProcessor finish
INFO: [development] webapp=/solr path=/update params={wt=ruby} {add=[Booking 32 (1459406500370841600)]} 0 2
Feb 7, 2014 6:41:36 PM org.apache.solr.update.processor.LogUpdateProcessor finish
INFO: [development] webapp=/solr path=/update params={wt=ruby} {add=[Booking 33 (1459406500388667392)]} 0 2
Feb 7, 2014 6:41:36 PM org.apache.solr.update.processor.LogUpdateProcessor finish
INFO: [development] webapp=/solr path=/update params={wt=ruby} {add=[Booking 33 (1459406500401250304)]} 0 2
Feb 7, 2014 6:41:36 PM org.apache.solr.update.processor.LogUpdateProcessor finish
INFO: [development] webapp=/solr path=/update params={wt=ruby} {add=[Booking 34 (1459406500418027520)]} 0 2
Feb 7, 2014 6:41:36 PM org.apache.solr.update.processor.LogUpdateProcessor finish
INFO: [development] webapp=/solr path=/update params={wt=ruby} {add=[Booking 34 (1459406500431659008)]} 0 4
Feb 7, 2014 6:41:36 PM org.apache.solr.update.processor.LogUpdateProcessor finish
INFO: [development] webapp=/solr path=/update params={wt=ruby} {add=[Booking 36 (1459406500449484800)]} 0 2
Feb 7, 2014 6:41:36 PM org.apache.solr.update.processor.LogUpdateProcessor finish
INFO: [development] webapp=/solr path=/update params={wt=ruby} {add=[Booking 36 (1459406500461019136)]} 0 2
Feb 7, 2014 6:41:36 PM org.apache.solr.update.processor.LogUpdateProcessor finish
INFO: [development] webapp=/solr path=/update params={wt=ruby} {add=[Booking 37 (1459406500477796352)]} 0 2
Feb 7, 2014 6:41:36 PM org.apache.solr.update.processor.LogUpdateProcessor finish
INFO: [development] webapp=/solr path=/update params={wt=ruby} {add=[Booking 37 (1459406500490379264)]} 0 2
Feb 7, 2014 6:41:36 PM org.apache.solr.update.processor.LogUpdateProcessor finish
INFO: [development] webapp=/solr path=/update params={wt=ruby} {add=[Booking 35 (1459406500502962176)]} 0 2
Feb 7, 2014 6:41:36 PM org.apache.solr.update.processor.LogUpdateProcessor finish
INFO: [development] webapp=/solr path=/update params={wt=ruby} {add=[Booking 35 (1459406500514496512)]} 0 3
Feb 7, 2014 6:41:37 PM org.apache.solr.update.DirectUpdateHandler2 commit
INFO: start commit{,optimize=false,openSearcher=true,waitSearcher=true,expungeDeletes=false,softCommit=false,prepareCommit=false}
Feb 7, 2014 6:41:37 PM org.apache.solr.core.SolrDeletionPolicy onCommit
INFO: SolrDeletionPolicy.onCommit: commits:num=2
	commit{dir=NRTCachingDirectory(org.apache.lucene.store.NIOFSDirectory@/Applications/MAMP/htdocs/livestock event final/solr/development/data/index lockFactory=org.apache.lucene.store.NativeFSLockFactory@6d3cba41; maxCacheMB=48.0 maxMergeSizeMB=4.0),segFN=segments_1e,generation=50,filenames=[_1l_Lucene41_0.tim, _1l.nvm, _1n.si, _1n.cfe, _1l_Lucene41_0.doc, _1l_1.del, _1n.cfs, _1l_Lucene41_0.pos, segments_1e, _1l.fdt, _1l.fnm, _1l.fdx, _1n_1.del, _1l.si, _1l.nvd, _1l_Lucene41_0.tip]
	commit{dir=NRTCachingDirectory(org.apache.lucene.store.NIOFSDirectory@/Applications/MAMP/htdocs/livestock event final/solr/development/data/index lockFactory=org.apache.lucene.store.NativeFSLockFactory@6d3cba41; maxCacheMB=48.0 maxMergeSizeMB=4.0),segFN=segments_1f,generation=51,filenames=[_1l_Lucene41_0.tim, _1l.nvm, _1l_Lucene41_0.doc, segments_1f, _1l_Lucene41_0.pos, _1o_Lucene41_0.tim, _1o_Lucene41_0.doc, _1o.si, _1o.nvm, _1o_Lucene41_0.tip, _1l.fdt, _1o.nvd, _1o.fdx, _1l.fnm, _1o_Lucene41_0.pos, _1o_1.del, _1l.fdx, _1l_2.del, _1l.si, _1o.fnm, _1l.nvd, _1l_Lucene41_0.tip, _1o.fdt]
Feb 7, 2014 6:41:37 PM org.apache.solr.core.SolrDeletionPolicy updateCommits
INFO: newest commit = 51[_1l_Lucene41_0.tim, _1l.nvm, _1l_Lucene41_0.doc, segments_1f, _1l_Lucene41_0.pos, _1o_Lucene41_0.tim, _1o_Lucene41_0.doc, _1o.si, _1o.nvm, _1o_Lucene41_0.tip, _1l.fdt, _1o.nvd, _1o.fdx, _1l.fnm, _1o_Lucene41_0.pos, _1o_1.del, _1l.fdx, _1l_2.del, _1l.si, _1o.fnm, _1l.nvd, _1l_Lucene41_0.tip, _1o.fdt]
Feb 7, 2014 6:41:37 PM org.apache.solr.search.SolrIndexSearcher <init>
INFO: Opening Searcher@5dda32d0 main
Feb 7, 2014 6:41:37 PM org.apache.solr.core.SolrCore registerSearcher
INFO: [development] Registered new searcher Searcher@5dda32d0 main{StandardDirectoryReader(segments_1f:134:nrt _1l(4.2):C82/17 _1o(4.2):C34/17)}
Feb 7, 2014 6:41:37 PM org.apache.solr.update.DirectUpdateHandler2 commit
INFO: end_commit_flush
Feb 7, 2014 6:41:37 PM org.apache.solr.update.processor.LogUpdateProcessor finish
INFO: [development] webapp=/solr path=/update params={wt=ruby} {commit=} 0 29
Feb 7, 2014 6:42:53 PM org.apache.solr.update.processor.LogUpdateProcessor finish
INFO: [development] webapp=/solr path=/update params={wt=ruby} {add=[Booking 16 (1459406581220245504)]} 0 3
Feb 7, 2014 6:42:53 PM org.apache.solr.update.processor.LogUpdateProcessor finish
INFO: [development] webapp=/solr path=/update params={wt=ruby} {add=[Booking 16 (1459406581234925568)]} 0 3
Feb 7, 2014 6:42:53 PM org.apache.solr.update.processor.LogUpdateProcessor finish
INFO: [development] webapp=/solr path=/update params={wt=ruby} {add=[Booking 32 (1459406581252751360)]} 0 2
Feb 7, 2014 6:42:53 PM org.apache.solr.update.processor.LogUpdateProcessor finish
INFO: [development] webapp=/solr path=/update params={wt=ruby} {add=[Booking 32 (1459406581263237120)]} 0 1
Feb 7, 2014 6:42:53 PM org.apache.solr.update.processor.LogUpdateProcessor finish
INFO: [development] webapp=/solr path=/update params={wt=ruby} {add=[Booking 33 (1459406581278965760)]} 0 2
Feb 7, 2014 6:42:53 PM org.apache.solr.update.processor.LogUpdateProcessor finish
INFO: [development] webapp=/solr path=/update params={wt=ruby} {add=[Booking 33 (1459406581291548672)]} 0 2
Feb 7, 2014 6:42:53 PM org.apache.solr.update.processor.LogUpdateProcessor finish
INFO: [development] webapp=/solr path=/update params={wt=ruby} {add=[Booking 19 (1459406581307277312)]} 0 2
Feb 7, 2014 6:42:53 PM org.apache.solr.update.processor.LogUpdateProcessor finish
INFO: [development] webapp=/solr path=/update params={wt=ruby} {add=[Booking 19 (1459406581318811648)]} 0 2
Feb 7, 2014 6:42:53 PM org.apache.solr.update.processor.LogUpdateProcessor finish
INFO: [development] webapp=/solr path=/update params={wt=ruby} {add=[Booking 18 (1459406581335588864)]} 0 3
Feb 7, 2014 6:42:53 PM org.apache.solr.update.processor.LogUpdateProcessor finish
INFO: [development] webapp=/solr path=/update params={wt=ruby} {add=[Booking 18 (1459406581348171776)]} 0 2
Feb 7, 2014 6:42:53 PM org.apache.solr.update.processor.LogUpdateProcessor finish
INFO: [development] webapp=/solr path=/update params={wt=ruby} {add=[Booking 35 (1459406581360754688)]} 0 2
Feb 7, 2014 6:42:53 PM org.apache.solr.update.processor.LogUpdateProcessor finish
INFO: [development] webapp=/solr path=/update params={wt=ruby} {add=[Booking 35 (1459406581371240448)]} 0 1
Feb 7, 2014 6:42:53 PM org.apache.solr.update.processor.LogUpdateProcessor finish
INFO: [development] webapp=/solr path=/update params={wt=ruby} {add=[Booking 14 (1459406581388017664)]} 0 2
Feb 7, 2014 6:42:53 PM org.apache.solr.update.processor.LogUpdateProcessor finish
INFO: [development] webapp=/solr path=/update params={wt=ruby} {add=[Booking 14 (1459406581401649152)]} 0 3
Feb 7, 2014 6:42:53 PM org.apache.solr.update.processor.LogUpdateProcessor finish
INFO: [development] webapp=/solr path=/update params={wt=ruby} {add=[Booking 20 (1459406581417377792)]} 0 2
Feb 7, 2014 6:42:53 PM org.apache.solr.update.processor.LogUpdateProcessor finish
INFO: [development] webapp=/solr path=/update params={wt=ruby} {add=[Booking 20 (1459406581431009280)]} 0 1
Feb 7, 2014 6:42:53 PM org.apache.solr.update.processor.LogUpdateProcessor finish
INFO: [development] webapp=/solr path=/update params={wt=ruby} {add=[Booking 21 (1459406581446737920)]} 0 2
Feb 7, 2014 6:42:53 PM org.apache.solr.update.processor.LogUpdateProcessor finish
INFO: [development] webapp=/solr path=/update params={wt=ruby} {add=[Booking 21 (1459406581457223680)]} 0 1
Feb 7, 2014 6:42:53 PM org.apache.solr.update.processor.LogUpdateProcessor finish
INFO: [development] webapp=/solr path=/update params={wt=ruby} {add=[Booking 22 (1459406581475049472)]} 0 2
Feb 7, 2014 6:42:53 PM org.apache.solr.update.processor.LogUpdateProcessor finish
INFO: [development] webapp=/solr path=/update params={wt=ruby} {add=[Booking 22 (1459406581486583808)]} 0 2
Feb 7, 2014 6:42:53 PM org.apache.solr.update.processor.LogUpdateProcessor finish
INFO: [development] webapp=/solr path=/update params={wt=ruby} {add=[Booking 23 (1459406581501263872)]} 0 1
Feb 7, 2014 6:42:53 PM org.apache.solr.update.processor.LogUpdateProcessor finish
INFO: [development] webapp=/solr path=/update params={wt=ruby} {add=[Booking 23 (1459406581511749632)]} 0 2
Feb 7, 2014 6:42:53 PM org.apache.solr.update.processor.LogUpdateProcessor finish
INFO: [development] webapp=/solr path=/update params={wt=ruby} {add=[Booking 34 (1459406581528526848)]} 0 2
Feb 7, 2014 6:42:54 PM org.apache.solr.update.processor.LogUpdateProcessor finish
INFO: [development] webapp=/solr path=/update params={wt=ruby} {add=[Booking 34 (1459406581539012608)]} 0 1
Feb 7, 2014 6:42:54 PM org.apache.solr.update.processor.LogUpdateProcessor finish
INFO: [development] webapp=/solr path=/update params={wt=ruby} {add=[Booking 29 (1459406581551595520)]} 0 1
Feb 7, 2014 6:42:54 PM org.apache.solr.update.processor.LogUpdateProcessor finish
INFO: [development] webapp=/solr path=/update params={wt=ruby} {add=[Booking 29 (1459406581562081280)]} 0 2
Feb 7, 2014 6:42:54 PM org.apache.solr.update.processor.LogUpdateProcessor finish
INFO: [development] webapp=/solr path=/update params={wt=ruby} {add=[Booking 30 (1459406581578858496)]} 0 2
Feb 7, 2014 6:42:54 PM org.apache.solr.update.processor.LogUpdateProcessor finish
INFO: [development] webapp=/solr path=/update params={wt=ruby} {add=[Booking 30 (1459406581589344256)]} 0 2
Feb 7, 2014 6:42:54 PM org.apache.solr.update.processor.LogUpdateProcessor finish
INFO: [development] webapp=/solr path=/update params={wt=ruby} {add=[Booking 31 (1459406581717270528)]} 0 2
Feb 7, 2014 6:42:54 PM org.apache.solr.update.processor.LogUpdateProcessor finish
INFO: [development] webapp=/solr path=/update params={wt=ruby} {add=[Booking 31 (1459406581729853440)]} 0 2
Feb 7, 2014 6:42:54 PM org.apache.solr.update.processor.LogUpdateProcessor finish
INFO: [development] webapp=/solr path=/update params={wt=ruby} {add=[Booking 36 (1459406581744533504)]} 0 2
Feb 7, 2014 6:42:54 PM org.apache.solr.update.processor.LogUpdateProcessor finish
INFO: [development] webapp=/solr path=/update params={wt=ruby} {add=[Booking 36 (1459406581756067840)]} 0 2
Feb 7, 2014 6:42:54 PM org.apache.solr.update.processor.LogUpdateProcessor finish
INFO: [development] webapp=/solr path=/update params={wt=ruby} {add=[Booking 37 (1459406581773893632)]} 0 2
Feb 7, 2014 6:42:54 PM org.apache.solr.update.processor.LogUpdateProcessor finish
INFO: [development] webapp=/solr path=/update params={wt=ruby} {add=[Booking 37 (1459406581785427968)]} 0 2
Feb 7, 2014 6:42:55 PM org.apache.solr.update.DirectUpdateHandler2 commit
INFO: start commit{,optimize=false,openSearcher=true,waitSearcher=true,expungeDeletes=false,softCommit=false,prepareCommit=false}
Feb 7, 2014 6:42:55 PM org.apache.solr.core.SolrDeletionPolicy onCommit
INFO: SolrDeletionPolicy.onCommit: commits:num=2
	commit{dir=NRTCachingDirectory(org.apache.lucene.store.NIOFSDirectory@/Applications/MAMP/htdocs/livestock event final/solr/development/data/index lockFactory=org.apache.lucene.store.NativeFSLockFactory@6d3cba41; maxCacheMB=48.0 maxMergeSizeMB=4.0),segFN=segments_1f,generation=51,filenames=[_1l_Lucene41_0.tim, _1l.nvm, _1l_Lucene41_0.doc, segments_1f, _1l_Lucene41_0.pos, _1o_Lucene41_0.tim, _1o_Lucene41_0.doc, _1o.si, _1o.nvm, _1o_Lucene41_0.tip, _1l.fdt, _1o.nvd, _1o.fdx, _1l.fnm, _1o_Lucene41_0.pos, _1o_1.del, _1l.fdx, _1l_2.del, _1l.si, _1o.fnm, _1l.nvd, _1l_Lucene41_0.tip, _1o.fdt]
	commit{dir=NRTCachingDirectory(org.apache.lucene.store.NIOFSDirectory@/Applications/MAMP/htdocs/livestock event final/solr/development/data/index lockFactory=org.apache.lucene.store.NativeFSLockFactory@6d3cba41; maxCacheMB=48.0 maxMergeSizeMB=4.0),segFN=segments_1g,generation=52,filenames=[_1l_Lucene41_0.tim, _1l.nvm, _1l_Lucene41_0.doc, _1p_1.del, segments_1g, _1l_Lucene41_0.pos, _1p.nvm, _1l.fdt, _1l.fnm, _1p_Lucene41_0.tip, _1l.fdx, _1p.nvd, _1p.si, _1p.fdx, _1p_Lucene41_0.tim, _1l_2.del, _1l.si, _1p.fnm, _1p_Lucene41_0.doc, _1l.nvd, _1p.fdt, _1l_Lucene41_0.tip, _1p_Lucene41_0.pos]
Feb 7, 2014 6:42:55 PM org.apache.solr.core.SolrDeletionPolicy updateCommits
INFO: newest commit = 52[_1l_Lucene41_0.tim, _1l.nvm, _1l_Lucene41_0.doc, _1p_1.del, segments_1g, _1l_Lucene41_0.pos, _1p.nvm, _1l.fdt, _1l.fnm, _1p_Lucene41_0.tip, _1l.fdx, _1p.nvd, _1p.si, _1p.fdx, _1p_Lucene41_0.tim, _1l_2.del, _1l.si, _1p.fnm, _1p_Lucene41_0.doc, _1l.nvd, _1p.fdt, _1l_Lucene41_0.tip, _1p_Lucene41_0.pos]
Feb 7, 2014 6:42:55 PM org.apache.solr.search.SolrIndexSearcher <init>
INFO: Opening Searcher@6fd5609 main
Feb 7, 2014 6:42:55 PM org.apache.solr.core.SolrCore registerSearcher
INFO: [development] Registered new searcher Searcher@6fd5609 main{StandardDirectoryReader(segments_1g:138:nrt _1l(4.2):C82/17 _1p(4.2):C34/17)}
Feb 7, 2014 6:42:55 PM org.apache.solr.update.DirectUpdateHandler2 commit
INFO: end_commit_flush
Feb 7, 2014 6:42:55 PM org.apache.solr.update.processor.LogUpdateProcessor finish
INFO: [development] webapp=/solr path=/update params={wt=ruby} {commit=} 0 23
